Using pre-set license
Built from '2020.3/staging' branch; Version is '2020.3.4f1 (0abb6314276a) revision 703331'; Using compiler version '192528614'; Build Type 'Release'
OS: 'Windows 10 Home; OS build 19042.928; Version 2009; 64bit' Language: 'pl' Physical Memory: 16302 MB
BatchMode: 1, IsHumanControllingUs: 0, StartBugReporterOnCrash: 0, Is64bit: 1, IsPro: 0

 COMMAND LINE ARGUMENTS:
C:\Program Files\Unity\Hub\Editor\2020.3.4f1\Editor\Unity.exe
-adb2
-batchMode
-noUpm
-name
AssetImportWorker1
-projectPath
C:/Users/piotr/Documents/PrywatneProjekty/AstroRoom/AstroRoom
-logFile
Logs/AssetImportWorker1.log
-srvPort
51898
Successfully changed project path to: C:/Users/piotr/Documents/PrywatneProjekty/AstroRoom/AstroRoom
C:/Users/piotr/Documents/PrywatneProjekty/AstroRoom/AstroRoom
Using Asset Import Pipeline V2.
Refreshing native plugins compatible for Editor in 55.88 ms, found 3 plugins.
Preloading 1 native plugins for Editor in 1.07 ms.
Initialize engine version: 2020.3.4f1 (0abb6314276a)
[Subsystems] Discovering subsystems at path C:/Program Files/Unity/Hub/Editor/2020.3.4f1/Editor/Data/Resources/UnitySubsystems
[Subsystems] Discovering subsystems at path C:/Users/piotr/Documents/PrywatneProjekty/AstroRoom/AstroRoom/Assets
GfxDevice: creating device client; threaded=0
Direct3D:
    Version:  Direct3D 11.0 [level 11.1]
    Renderer: NVIDIA GeForce RTX 2060 (ID=0x1f08)
    Vendor:   
    VRAM:     5980 MB
    Driver:   27.21.14.6647
Shader 'Universal Render Pipeline/Particles/Lit': fallback shader 'Universal Render Pipeline/Particles/SimpleLit' not found
Initialize mono
Mono path[0] = 'C:/Program Files/Unity/Hub/Editor/2020.3.4f1/Editor/Data/Managed'
Mono path[1] = 'C:/Program Files/Unity/Hub/Editor/2020.3.4f1/Editor/Data/MonoBleedingEdge/lib/mono/unityjit'
Mono config path = 'C:/Program Files/Unity/Hub/Editor/2020.3.4f1/Editor/Data/MonoBleedingEdge/etc'
Using monoOptions --debugger-agent=transport=dt_socket,embedding=1,server=y,suspend=n,address=127.0.0.1:56968
Begin MonoManager ReloadAssembly
Registering precompiled unity dll's ...
Register platform support module: C:/Program Files/Unity/Hub/Editor/2020.3.4f1/Editor/Data/PlaybackEngines/WindowsStandaloneSupport/UnityEditor.WindowsStandalone.Extensions.dll
Registered in 0.002016 seconds.
Native extension for WindowsStandalone target not found
Refreshing native plugins compatible for Editor in 49.87 ms, found 3 plugins.
Preloading 1 native plugins for Editor in 0.13 ms.
Mono: successfully reloaded assembly
- Completed reload, in  2.731 seconds
Platform modules already initialized, skipping
Registering precompiled user dll's ...
Registered in 0.002327 seconds.
Begin MonoManager ReloadAssembly
Native extension for WindowsStandalone target not found
Refreshing native plugins compatible for Editor in 50.61 ms, found 3 plugins.
Preloading 1 native plugins for Editor in 0.12 ms.
[XR] OculusXRPlugin: registering subsystems
[XR] Unable to register display lifecyle provider: [1]
[XR] Oculus Input lifecycle provider registered.
[XR] Unable to register input lifecyle provider: [1]
NullReferenceException: Object reference not set to an instance of an object
  at Unity.XR.Oculus.OculusLoader.AssetPathToAbsolutePath (System.String assetPath) [0x00048] in C:\Users\piotr\Documents\PrywatneProjekty\AstroRoom\AstroRoom\Library\PackageCache\com.unity.xr.oculus@1.9.0\Runtime\OculusLoader.cs:249 
  at Unity.XR.Oculus.OculusLoader.EditorLoadOVRPlugin () [0x0007b] in C:\Users\piotr\Documents\PrywatneProjekty\AstroRoom\AstroRoom\Library\PackageCache\com.unity.xr.oculus@1.9.0\Runtime\OculusLoader.cs:234 

(Filename: Library/PackageCache/com.unity.xr.oculus@1.9.0/Runtime/OculusLoader.cs Line: 249)

Mono: successfully reloaded assembly
- Completed reload, in  0.914 seconds
Platform modules already initialized, skipping
========================================================================
Worker process is ready to serve import requests
Shader 'Universal Render Pipeline/Particles/Lit': fallback shader 'Universal Render Pipeline/Particles/SimpleLit' not found
Launched and connected shader compiler UnityShaderCompiler.exe after 0.04 seconds
Refreshing native plugins compatible for Editor in 0.56 ms, found 3 plugins.
Preloading 1 native plugins for Editor in 0.08 ms.
Unloading 3017 Unused Serialized files (Serialized files now loaded: 0)
System memory in use before: 144.4 MB.
System memory in use after: 144.6 MB.

Unloading 13 unused Assets to reduce memory usage. Loaded Objects now: 3477.
Total: 2.315700 ms (FindLiveObjects: 0.319300 ms CreateObjectMapping: 0.084400 ms MarkObjects: 1.850400 ms  DeleteObjects: 0.060800 ms)

========================================================================
Received Import Request.
  path: Assets/Scripts/UI/Constelation/ResetPlayerPrefs.cs
  artifactKey: Guid(c2db305e444fe994c8a05a6e2fabead9) Importer(815301076,1909f56bfc062723c751e8b465ee728b)
Start importing Assets/Scripts/UI/Constelation/ResetPlayerPrefs.cs using Guid(c2db305e444fe994c8a05a6e2fabead9) Importer(815301076,1909f56bfc062723c751e8b465ee728b)  -> (artifact id: '4d8159929ecca7d1bf87f747c69da4ca') in 0.018162 seconds
  Import took 0.022368 seconds .

========================================================================
Received Import Request.
  Time since last request: 128.780739 seconds.
  path: Assets/Resources/Custom/Textures/CelestialBodies/Ring.png
  artifactKey: Guid(9b7d23e793d8279448444984f5dcb692) Importer(815301076,1909f56bfc062723c751e8b465ee728b)
Start importing Assets/Resources/Custom/Textures/CelestialBodies/Ring.png using Guid(9b7d23e793d8279448444984f5dcb692) Importer(815301076,1909f56bfc062723c751e8b465ee728b)  -> (artifact id: 'bc1711698d411a929055872d1d377f9e') in 0.067696 seconds
  Import took 0.072624 seconds .

========================================================================
Received Import Request.
  Time since last request: 0.000240 seconds.
  path: Assets/Resources/Custom/Textures/CelestialBodies/SunEclipseBloom.png
  artifactKey: Guid(b38e2f4c17c803a46b01423c4349e5b5) Importer(815301076,1909f56bfc062723c751e8b465ee728b)
Start importing Assets/Resources/Custom/Textures/CelestialBodies/SunEclipseBloom.png using Guid(b38e2f4c17c803a46b01423c4349e5b5) Importer(815301076,1909f56bfc062723c751e8b465ee728b)  -> (artifact id: '2d494e4e5c742f57de925e9bd68ef32f') in 0.059905 seconds
  Import took 0.063952 seconds .

========================================================================
Received Import Request.
  Time since last request: 0.000183 seconds.
  path: Assets/Resources/Custom/Textures/CelestialBodies/saturnringcolor.jpg
  artifactKey: Guid(edcd5b44b20e0f748a03c7f53340d004) Importer(815301076,1909f56bfc062723c751e8b465ee728b)
Start importing Assets/Resources/Custom/Textures/CelestialBodies/saturnringcolor.jpg using Guid(edcd5b44b20e0f748a03c7f53340d004) Importer(815301076,1909f56bfc062723c751e8b465ee728b)  -> (artifact id: 'd308cf29333b061b0bd491762b3754c1') in 0.009515 seconds
  Import took 0.013609 seconds .

========================================================================
Received Import Request.
  Time since last request: 0.000228 seconds.
  path: Assets/Resources/Custom/Textures/CelestialBodies/saturnringpattern.png
  artifactKey: Guid(884073490a0d5a14eaf3a476bfcf1238) Importer(815301076,1909f56bfc062723c751e8b465ee728b)
Start importing Assets/Resources/Custom/Textures/CelestialBodies/saturnringpattern.png using Guid(884073490a0d5a14eaf3a476bfcf1238) Importer(815301076,1909f56bfc062723c751e8b465ee728b)  -> (artifact id: '1d41ea16701d7bbf5c32e1b11bdc8ef2') in 0.007406 seconds
  Import took 0.011674 seconds .

========================================================================
Received Import Request.
  Time since last request: 0.000190 seconds.
  path: Assets/Resources/Custom/Textures/CelestialBodies/uranusringtrans (1).png
  artifactKey: Guid(cdd71fa1e568f6544907e25dcb0c71d8) Importer(815301076,1909f56bfc062723c751e8b465ee728b)
Start importing Assets/Resources/Custom/Textures/CelestialBodies/uranusringtrans (1).png using Guid(cdd71fa1e568f6544907e25dcb0c71d8) Importer(815301076,1909f56bfc062723c751e8b465ee728b)  -> (artifact id: 'b4d75edf11f50ba1e82cb9cf6e7a2036') in 0.008231 seconds
  Import took 0.012819 seconds .

========================================================================
Received Import Request.
  Time since last request: 0.000236 seconds.
  path: Assets/Resources/Custom/Textures/CelestialBodies/saturnringpattern.png
  artifactKey: Guid(884073490a0d5a14eaf3a476bfcf1238) Importer(815301076,1909f56bfc062723c751e8b465ee728b)
Start importing Assets/Resources/Custom/Textures/CelestialBodies/saturnringpattern.png using Guid(884073490a0d5a14eaf3a476bfcf1238) Importer(815301076,1909f56bfc062723c751e8b465ee728b)  -> (artifact id: '1d41ea16701d7bbf5c32e1b11bdc8ef2') in 0.006173 seconds
  Import took 0.010401 seconds .

========================================================================
Received Import Request.
  Time since last request: 0.000177 seconds.
  path: Assets/Resources/Custom/Textures/CelestialBodies/uranusringcolour (1).jpg
  artifactKey: Guid(b96f201bfc33f5f44954b75918cdfa92) Importer(815301076,1909f56bfc062723c751e8b465ee728b)
Start importing Assets/Resources/Custom/Textures/CelestialBodies/uranusringcolour (1).jpg using Guid(b96f201bfc33f5f44954b75918cdfa92) Importer(815301076,1909f56bfc062723c751e8b465ee728b)  -> (artifact id: '5f650e80868c444939a9e561f3928181') in 0.006859 seconds
  Import took 0.010819 seconds .

========================================================================
Received Import Request.
  Time since last request: 0.000728 seconds.
  path: Assets/Resources/Custom/Textures/CelestialBodies/uranusringcolour (1).jpg
  artifactKey: Guid(b96f201bfc33f5f44954b75918cdfa92) Importer(815301076,1909f56bfc062723c751e8b465ee728b)
Start importing Assets/Resources/Custom/Textures/CelestialBodies/uranusringcolour (1).jpg using Guid(b96f201bfc33f5f44954b75918cdfa92) Importer(815301076,1909f56bfc062723c751e8b465ee728b)  -> (artifact id: '5f650e80868c444939a9e561f3928181') in 0.006236 seconds
  Import took 0.010124 seconds .

========================================================================
Received Import Request.
  Time since last request: 0.412597 seconds.
  path: Assets/Resources/Custom/Textures/CelestialBodies/Circle32px.png
  artifactKey: Guid(ebe3636156a6fc94aab7cea881a0d9b0) Importer(815301076,1909f56bfc062723c751e8b465ee728b)
Start importing Assets/Resources/Custom/Textures/CelestialBodies/Circle32px.png using Guid(ebe3636156a6fc94aab7cea881a0d9b0) Importer(815301076,1909f56bfc062723c751e8b465ee728b)  -> (artifact id: '31f54d367c8e204eccadaa1dc45e8356') in 0.006920 seconds
  Import took 0.011723 seconds .

========================================================================
Received Import Request.
  Time since last request: 0.000216 seconds.
  path: Assets/Resources/Custom/Textures/CelestialBodies/Elipse.psd
  artifactKey: Guid(d24046f71786e434c91e0d950a2d42e4) Importer(815301076,1909f56bfc062723c751e8b465ee728b)
Start importing Assets/Resources/Custom/Textures/CelestialBodies/Elipse.psd using Guid(d24046f71786e434c91e0d950a2d42e4) Importer(815301076,1909f56bfc062723c751e8b465ee728b)  -> (artifact id: '18f2641344893e1aa6709a0a85faf58c') in 0.037490 seconds
  Import took 0.041700 seconds .

========================================================================
Received Import Request.
  Time since last request: 0.000231 seconds.
  path: Assets/Resources/Custom/Textures/CelestialBodies/Circle32px.png
  artifactKey: Guid(ebe3636156a6fc94aab7cea881a0d9b0) Importer(815301076,1909f56bfc062723c751e8b465ee728b)
Start importing Assets/Resources/Custom/Textures/CelestialBodies/Circle32px.png using Guid(ebe3636156a6fc94aab7cea881a0d9b0) Importer(815301076,1909f56bfc062723c751e8b465ee728b)  -> (artifact id: '31f54d367c8e204eccadaa1dc45e8356') in 0.005425 seconds
  Import took 0.009260 seconds .

========================================================================
Received Import Request.
  Time since last request: 0.000238 seconds.
  path: Assets/Resources/Custom/Textures/CelestialBodies/Elipse.psd
  artifactKey: Guid(d24046f71786e434c91e0d950a2d42e4) Importer(815301076,1909f56bfc062723c751e8b465ee728b)
Start importing Assets/Resources/Custom/Textures/CelestialBodies/Elipse.psd using Guid(d24046f71786e434c91e0d950a2d42e4) Importer(815301076,1909f56bfc062723c751e8b465ee728b)  -> (artifact id: '18f2641344893e1aa6709a0a85faf58c') in 0.020869 seconds
  Import took 0.024744 seconds .

========================================================================
Received Import Request.
  Time since last request: 92.949604 seconds.
  path: Assets/Scripts/CustomScenes/Constelation/ConstelationEvents.cs
  artifactKey: Guid(30d377a7fa1a2b64b804958883d0e348) Importer(815301076,1909f56bfc062723c751e8b465ee728b)
Start importing Assets/Scripts/CustomScenes/Constelation/ConstelationEvents.cs using Guid(30d377a7fa1a2b64b804958883d0e348) Importer(815301076,1909f56bfc062723c751e8b465ee728b)  -> (artifact id: 'bec7fd531eb7621915bd96feaec45cf7') in 0.002069 seconds
  Import took 0.006527 seconds .

========================================================================
Received Import Request.
  Time since last request: 371.489447 seconds.
  path: Assets/Scripts/CustomScenes/Constelation/ConstelationEvents.cs
  artifactKey: Guid(30d377a7fa1a2b64b804958883d0e348) Importer(815301076,1909f56bfc062723c751e8b465ee728b)
Start importing Assets/Scripts/CustomScenes/Constelation/ConstelationEvents.cs using Guid(30d377a7fa1a2b64b804958883d0e348) Importer(815301076,1909f56bfc062723c751e8b465ee728b)  -> (artifact id: '5127ab44c7d867f5bb400b2d637b552e') in 0.002245 seconds
  Import took 0.007466 seconds .

========================================================================
Received Prepare
Registering precompiled user dll's ...
Registered in 0.002709 seconds.
Begin MonoManager ReloadAssembly
Native extension for WindowsStandalone target not found
Refreshing native plugins compatible for Editor in 0.62 ms, found 3 plugins.
Preloading 1 native plugins for Editor in 0.09 ms.
NullReferenceException: Object reference not set to an instance of an object
  at Unity.XR.Oculus.OculusLoader.AssetPathToAbsolutePath (System.String assetPath) [0x00048] in C:\Users\piotr\Documents\PrywatneProjekty\AstroRoom\AstroRoom\Library\PackageCache\com.unity.xr.oculus@1.9.0\Runtime\OculusLoader.cs:249 
  at Unity.XR.Oculus.OculusLoader.EditorLoadOVRPlugin () [0x0007b] in C:\Users\piotr\Documents\PrywatneProjekty\AstroRoom\AstroRoom\Library\PackageCache\com.unity.xr.oculus@1.9.0\Runtime\OculusLoader.cs:234 

(Filename: Library/PackageCache/com.unity.xr.oculus@1.9.0/Runtime/OculusLoader.cs Line: 249)

Mono: successfully reloaded assembly
- Completed reload, in  0.817 seconds
Platform modules already initialized, skipping
Switching build target platform(5) subTarget(0) extendedPlatform(0) -> platform(13) subTarget(524288) extendedPlatform(0)
Shader 'Universal Render Pipeline/Particles/Lit': fallback shader 'Universal Render Pipeline/Particles/SimpleLit' not found
Refreshing native plugins compatible for Editor in 0.58 ms, found 3 plugins.
Preloading 1 native plugins for Editor in 0.08 ms.
Unloading 2881 Unused Serialized files (Serialized files now loaded: 0)
System memory in use before: 137.3 MB.
System memory in use after: 137.5 MB.

Unloading 7 unused Assets to reduce memory usage. Loaded Objects now: 3495.
Total: 2.138900 ms (FindLiveObjects: 0.265700 ms CreateObjectMapping: 0.074500 ms MarkObjects: 1.751000 ms  DeleteObjects: 0.046800 ms)

AssetImportParameters requested are different than current active one (requested -> active):
  custom:graphics/normal-map-encoding: 01000000000000000000000000000000 -> 02000000000000000000000000000000
========================================================================
Received Import Request.
  Time since last request: 15.997060 seconds.
  path: Assets/Scripts/CustomScenes/Constelation/ConstelationEvents.cs
  artifactKey: Guid(30d377a7fa1a2b64b804958883d0e348) Importer(815301076,1909f56bfc062723c751e8b465ee728b)
Start importing Assets/Scripts/CustomScenes/Constelation/ConstelationEvents.cs using Guid(30d377a7fa1a2b64b804958883d0e348) Importer(815301076,1909f56bfc062723c751e8b465ee728b)  -> (artifact id: '75793dd563ff885109411f4fcb3ffa76') in 0.004919 seconds
  Import took 0.008959 seconds .

========================================================================
Received Prepare
Registering precompiled user dll's ...
Registered in 0.002524 seconds.
Begin MonoManager ReloadAssembly
Native extension for WindowsStandalone target not found
Refreshing native plugins compatible for Editor in 0.59 ms, found 3 plugins.
Preloading 1 native plugins for Editor in 0.09 ms.
NullReferenceException: Object reference not set to an instance of an object
  at Unity.XR.Oculus.OculusLoader.AssetPathToAbsolutePath (System.String assetPath) [0x00048] in C:\Users\piotr\Documents\PrywatneProjekty\AstroRoom\AstroRoom\Library\PackageCache\com.unity.xr.oculus@1.9.0\Runtime\OculusLoader.cs:249 
  at Unity.XR.Oculus.OculusLoader.EditorLoadOVRPlugin () [0x0007b] in C:\Users\piotr\Documents\PrywatneProjekty\AstroRoom\AstroRoom\Library\PackageCache\com.unity.xr.oculus@1.9.0\Runtime\OculusLoader.cs:234 

(Filename: Library/PackageCache/com.unity.xr.oculus@1.9.0/Runtime/OculusLoader.cs Line: 249)

Mono: successfully reloaded assembly
- Completed reload, in  0.816 seconds
Platform modules already initialized, skipping
Switching build target platform(5) subTarget(0) extendedPlatform(0) -> platform(13) subTarget(524288) extendedPlatform(0)
Shader 'Universal Render Pipeline/Particles/Lit': fallback shader 'Universal Render Pipeline/Particles/SimpleLit' not found
Refreshing native plugins compatible for Editor in 0.57 ms, found 3 plugins.
Preloading 1 native plugins for Editor in 0.08 ms.
Unloading 2881 Unused Serialized files (Serialized files now loaded: 0)
System memory in use before: 137.3 MB.
System memory in use after: 137.5 MB.

Unloading 7 unused Assets to reduce memory usage. Loaded Objects now: 3499.
Total: 2.229700 ms (FindLiveObjects: 0.286700 ms CreateObjectMapping: 0.075000 ms MarkObjects: 1.817900 ms  DeleteObjects: 0.049200 ms)

AssetImportParameters requested are different than current active one (requested -> active):
  custom:graphics/normal-map-encoding: 01000000000000000000000000000000 -> 02000000000000000000000000000000
========================================================================
Received Prepare
Registering precompiled user dll's ...
Registered in 0.002505 seconds.
Begin MonoManager ReloadAssembly
Native extension for WindowsStandalone target not found
Refreshing native plugins compatible for Editor in 0.59 ms, found 3 plugins.
Preloading 1 native plugins for Editor in 0.09 ms.
NullReferenceException: Object reference not set to an instance of an object
  at Unity.XR.Oculus.OculusLoader.AssetPathToAbsolutePath (System.String assetPath) [0x00048] in C:\Users\piotr\Documents\PrywatneProjekty\AstroRoom\AstroRoom\Library\PackageCache\com.unity.xr.oculus@1.9.0\Runtime\OculusLoader.cs:249 
  at Unity.XR.Oculus.OculusLoader.EditorLoadOVRPlugin () [0x0007b] in C:\Users\piotr\Documents\PrywatneProjekty\AstroRoom\AstroRoom\Library\PackageCache\com.unity.xr.oculus@1.9.0\Runtime\OculusLoader.cs:234 

(Filename: Library/PackageCache/com.unity.xr.oculus@1.9.0/Runtime/OculusLoader.cs Line: 249)

Mono: successfully reloaded assembly
- Completed reload, in  0.824 seconds
Platform modules already initialized, skipping
Switching build target platform(5) subTarget(0) extendedPlatform(0) -> platform(13) subTarget(524288) extendedPlatform(0)
Shader 'Universal Render Pipeline/Particles/Lit': fallback shader 'Universal Render Pipeline/Particles/SimpleLit' not found
Refreshing native plugins compatible for Editor in 0.57 ms, found 3 plugins.
Preloading 1 native plugins for Editor in 0.08 ms.
Unloading 2881 Unused Serialized files (Serialized files now loaded: 0)
System memory in use before: 137.3 MB.
System memory in use after: 137.5 MB.

Unloading 7 unused Assets to reduce memory usage. Loaded Objects now: 3503.
Total: 2.317600 ms (FindLiveObjects: 0.298700 ms CreateObjectMapping: 0.075800 ms MarkObjects: 1.879500 ms  DeleteObjects: 0.062300 ms)

AssetImportParameters requested are different than current active one (requested -> active):
  custom:graphics/normal-map-encoding: 01000000000000000000000000000000 -> 02000000000000000000000000000000
========================================================================
Received Prepare
Shader 'Universal Render Pipeline/Particles/Lit': fallback shader 'Universal Render Pipeline/Particles/SimpleLit' not found
Refreshing native plugins compatible for Editor in 1.50 ms, found 3 plugins.
Preloading 1 native plugins for Editor in 0.08 ms.
Unloading 4 Unused Serialized files (Serialized files now loaded: 0)
System memory in use before: 81.7 MB.
System memory in use after: 82.0 MB.

Unloading 4 unused Assets to reduce memory usage. Loaded Objects now: 3503.
Total: 2.897000 ms (FindLiveObjects: 0.491300 ms CreateObjectMapping: 0.096200 ms MarkObjects: 2.245600 ms  DeleteObjects: 0.062500 ms)

========================================================================
Received Import Request.
  Time since last request: 692.238124 seconds.
  path: Assets/Resources/Custom/Scriptable/Constelations/Nowa.asset
  artifactKey: Guid(2c210cd5636aa674eaaa5ebeb1b71f65) Importer(815301076,1909f56bfc062723c751e8b465ee728b)
Start importing Assets/Resources/Custom/Scriptable/Constelations/Nowa.asset using Guid(2c210cd5636aa674eaaa5ebeb1b71f65) Importer(815301076,1909f56bfc062723c751e8b465ee728b)  -> (artifact id: '8efcf29b57689f08b30b997f29d4a021') in 0.017077 seconds
  Import took 0.022169 seconds .

========================================================================
Received Import Request.
  Time since last request: 72.476525 seconds.
  path: Assets/Resources/Custom/Scriptable/Constelations/Nowa.asset
  artifactKey: Guid(2c210cd5636aa674eaaa5ebeb1b71f65) Importer(815301076,1909f56bfc062723c751e8b465ee728b)
Start importing Assets/Resources/Custom/Scriptable/Constelations/Nowa.asset using Guid(2c210cd5636aa674eaaa5ebeb1b71f65) Importer(815301076,1909f56bfc062723c751e8b465ee728b)  -> (artifact id: 'aed8c01e86b1cb6420e2dfc6c98a1c9d') in 0.002276 seconds
  Import took 0.007064 seconds .

========================================================================
Received Import Request.
  Time since last request: 2.477984 seconds.
  path: Assets/Scenes/Constelations.unity
  artifactKey: Guid(9fc0d4010bbf28b4594072e72b8655ab) Importer(815301076,1909f56bfc062723c751e8b465ee728b)
Start importing Assets/Scenes/Constelations.unity using Guid(9fc0d4010bbf28b4594072e72b8655ab) Importer(815301076,1909f56bfc062723c751e8b465ee728b)  -> (artifact id: '016ed61575fff437473b8e37816ccfe1') in 0.002047 seconds
  Import took 0.006525 seconds .

========================================================================
Received Import Request.
  Time since last request: 14.990125 seconds.
  path: Assets/Resources/Custom/Scriptable/Lists/Constelation List.asset
  artifactKey: Guid(6f5008125edf3c8418104b6b65926e6d) Importer(815301076,1909f56bfc062723c751e8b465ee728b)
Start importing Assets/Resources/Custom/Scriptable/Lists/Constelation List.asset using Guid(6f5008125edf3c8418104b6b65926e6d) Importer(815301076,1909f56bfc062723c751e8b465ee728b)  -> (artifact id: '3eb2248cef7290dd94719b6db6fb4dd9') in 0.003660 seconds
  Import took 0.008086 seconds .

========================================================================
Received Prepare
Registering precompiled user dll's ...
Registered in 0.002527 seconds.
Begin MonoManager ReloadAssembly
Native extension for WindowsStandalone target not found
Refreshing native plugins compatible for Editor in 0.58 ms, found 3 plugins.
Preloading 1 native plugins for Editor in 0.09 ms.
NullReferenceException: Object reference not set to an instance of an object
  at Unity.XR.Oculus.OculusLoader.AssetPathToAbsolutePath (System.String assetPath) [0x00048] in C:\Users\piotr\Documents\PrywatneProjekty\AstroRoom\AstroRoom\Library\PackageCache\com.unity.xr.oculus@1.9.0\Runtime\OculusLoader.cs:249 
  at Unity.XR.Oculus.OculusLoader.EditorLoadOVRPlugin () [0x0007b] in C:\Users\piotr\Documents\PrywatneProjekty\AstroRoom\AstroRoom\Library\PackageCache\com.unity.xr.oculus@1.9.0\Runtime\OculusLoader.cs:234 

(Filename: Library/PackageCache/com.unity.xr.oculus@1.9.0/Runtime/OculusLoader.cs Line: 249)

Mono: successfully reloaded assembly
- Completed reload, in  0.824 seconds
Platform modules already initialized, skipping
Switching build target platform(5) subTarget(0) extendedPlatform(0) -> platform(13) subTarget(524288) extendedPlatform(0)
Shader 'Universal Render Pipeline/Particles/Lit': fallback shader 'Universal Render Pipeline/Particles/SimpleLit' not found
Refreshing native plugins compatible for Editor in 0.58 ms, found 3 plugins.
Preloading 1 native plugins for Editor in 0.08 ms.
Unloading 2881 Unused Serialized files (Serialized files now loaded: 0)
System memory in use before: 137.4 MB.
System memory in use after: 137.6 MB.

Unloading 7 unused Assets to reduce memory usage. Loaded Objects now: 3507.
Total: 2.199000 ms (FindLiveObjects: 0.271500 ms CreateObjectMapping: 0.075900 ms MarkObjects: 1.800600 ms  DeleteObjects: 0.050200 ms)

AssetImportParameters requested are different than current active one (requested -> active):
  custom:graphics/normal-map-encoding: 01000000000000000000000000000000 -> 02000000000000000000000000000000
========================================================================
Received Import Request.
  Time since last request: 12.249542 seconds.
  path: Assets/Resources/Custom/Scriptable/Constelations/Deltoid.asset
  artifactKey: Guid(2c210cd5636aa674eaaa5ebeb1b71f65) Importer(815301076,1909f56bfc062723c751e8b465ee728b)
Start importing Assets/Resources/Custom/Scriptable/Constelations/Deltoid.asset using Guid(2c210cd5636aa674eaaa5ebeb1b71f65) Importer(815301076,1909f56bfc062723c751e8b465ee728b)  -> (artifact id: '3f9985f8e8668b61aba8b28c4442121b') in 0.019965 seconds
  Import took 0.024527 seconds .

========================================================================
Received Prepare
Registering precompiled user dll's ...
Registered in 0.002373 seconds.
Begin MonoManager ReloadAssembly
Native extension for WindowsStandalone target not found
Refreshing native plugins compatible for Editor in 0.60 ms, found 3 plugins.
Preloading 1 native plugins for Editor in 0.09 ms.
NullReferenceException: Object reference not set to an instance of an object
  at Unity.XR.Oculus.OculusLoader.AssetPathToAbsolutePath (System.String assetPath) [0x00048] in C:\Users\piotr\Documents\PrywatneProjekty\AstroRoom\AstroRoom\Library\PackageCache\com.unity.xr.oculus@1.9.0\Runtime\OculusLoader.cs:249 
  at Unity.XR.Oculus.OculusLoader.EditorLoadOVRPlugin () [0x0007b] in C:\Users\piotr\Documents\PrywatneProjekty\AstroRoom\AstroRoom\Library\PackageCache\com.unity.xr.oculus@1.9.0\Runtime\OculusLoader.cs:234 

(Filename: Library/PackageCache/com.unity.xr.oculus@1.9.0/Runtime/OculusLoader.cs Line: 249)

Mono: successfully reloaded assembly
- Completed reload, in  0.829 seconds
Platform modules already initialized, skipping
Switching build target platform(5) subTarget(0) extendedPlatform(0) -> platform(13) subTarget(524288) extendedPlatform(0)
Shader 'Universal Render Pipeline/Particles/Lit': fallback shader 'Universal Render Pipeline/Particles/SimpleLit' not found
Refreshing native plugins compatible for Editor in 0.58 ms, found 3 plugins.
Preloading 1 native plugins for Editor in 0.08 ms.
Unloading 2881 Unused Serialized files (Serialized files now loaded: 0)
System memory in use before: 137.4 MB.
System memory in use after: 137.6 MB.

Unloading 7 unused Assets to reduce memory usage. Loaded Objects now: 3511.
Total: 3.422800 ms (FindLiveObjects: 0.262900 ms CreateObjectMapping: 0.075700 ms MarkObjects: 3.023300 ms  DeleteObjects: 0.059700 ms)

AssetImportParameters requested are different than current active one (requested -> active):
  custom:graphics/normal-map-encoding: 01000000000000000000000000000000 -> 02000000000000000000000000000000
========================================================================
Received Import Request.
  Time since last request: 17.742500 seconds.
  path: Assets/Resources/Custom/Scriptable/Constelations/Swan.asset
  artifactKey: Guid(ae717f7f8ed037b4c9b9a191718c2e4e) Importer(815301076,1909f56bfc062723c751e8b465ee728b)
Start importing Assets/Resources/Custom/Scriptable/Constelations/Swan.asset using Guid(ae717f7f8ed037b4c9b9a191718c2e4e) Importer(815301076,1909f56bfc062723c751e8b465ee728b)  -> (artifact id: 'd964976d3e36ccfb72e9045d6e2461ed') in 0.011390 seconds
  Import took 0.015400 seconds .

========================================================================
Received Prepare
Registering precompiled user dll's ...
Registered in 0.002521 seconds.
Begin MonoManager ReloadAssembly
Native extension for WindowsStandalone target not found
Refreshing native plugins compatible for Editor in 0.58 ms, found 3 plugins.
Preloading 1 native plugins for Editor in 0.09 ms.
NullReferenceException: Object reference not set to an instance of an object
  at Unity.XR.Oculus.OculusLoader.AssetPathToAbsolutePath (System.String assetPath) [0x00048] in C:\Users\piotr\Documents\PrywatneProjekty\AstroRoom\AstroRoom\Library\PackageCache\com.unity.xr.oculus@1.9.0\Runtime\OculusLoader.cs:249 
  at Unity.XR.Oculus.OculusLoader.EditorLoadOVRPlugin () [0x0007b] in C:\Users\piotr\Documents\PrywatneProjekty\AstroRoom\AstroRoom\Library\PackageCache\com.unity.xr.oculus@1.9.0\Runtime\OculusLoader.cs:234 

(Filename: Library/PackageCache/com.unity.xr.oculus@1.9.0/Runtime/OculusLoader.cs Line: 249)

Mono: successfully reloaded assembly
- Completed reload, in  0.826 seconds
Platform modules already initialized, skipping
Switching build target platform(5) subTarget(0) extendedPlatform(0) -> platform(13) subTarget(524288) extendedPlatform(0)
Shader 'Universal Render Pipeline/Particles/Lit': fallback shader 'Universal Render Pipeline/Particles/SimpleLit' not found
Refreshing native plugins compatible for Editor in 0.58 ms, found 3 plugins.
Preloading 1 native plugins for Editor in 0.08 ms.
Unloading 2881 Unused Serialized files (Serialized files now loaded: 0)
System memory in use before: 137.4 MB.
System memory in use after: 137.6 MB.

Unloading 7 unused Assets to reduce memory usage. Loaded Objects now: 3515.
Total: 2.349000 ms (FindLiveObjects: 0.357400 ms CreateObjectMapping: 0.075200 ms MarkObjects: 1.859300 ms  DeleteObjects: 0.055900 ms)

AssetImportParameters requested are different than current active one (requested -> active):
  custom:graphics/normal-map-encoding: 01000000000000000000000000000000 -> 02000000000000000000000000000000
AssetImportWorkerClient::OnTransportError - code=2 error=End of file
